[   0.000][v][cplayer] Command line options: '/home/brown/Videos/Movies/The Transporter (2002)/The.Transporter.2002.720p.BrRip.x264.YIFY+HI.mp4'
[   0.000][v][cplayer] mpv v0.38.0-dirty Copyright © 2000-2024 mpv/MPlayer/mplayer2 projects
[   0.000][v][cplayer]  built on Jul  3 2024 05:59:22
[   0.000][v][cplayer] libplacebo version: v7.349.0
[   0.000][v][cplayer] FFmpeg version: n7.0.1
[   0.000][v][cplayer] FFmpeg library versions:
[   0.000][v][cplayer]    libavutil       59.8.100
[   0.000][v][cplayer]    libavcodec      61.3.100
[   0.000][v][cplayer]    libavformat     61.1.100
[   0.000][v][cplayer]    libswscale      8.1.100
[   0.000][v][cplayer]    libavfilter     10.1.100
[   0.000][v][cplayer]    libswresample   5.1.100
[   0.000][v][cplayer] 
[   0.000][v][cplayer] Configuration: -Db_pie=true -Dpython.bytecompile=1 -Dlibmpv=true -Dgl-x11=enabled -Dcaca=disabled -Dcdda=enabled -Ddvbin=enabled -Ddvdnav=enabled -Dlibarchive=enabled -Dopenal=enabled -Dprefix=/usr -Dlibexecdir=lib -Dsbindir=bin -Dauto_features=auto -Dbuildtype=plain -Dwrap_mode=nodownload
[   0.000][v][cplayer] List of enabled features: alsa av-channel-layout avif-muxer build-date cdda cplugins cuda-hwaccel cuda-interop dmabuf-interop-gl dmabuf-wayland drm dvbin dvdnav egl egl-drm egl-wayland egl-x11 ffmpeg ffnvcodec gbm gl gl-x11 glibc-thread-name glob glob-posix gpl iconv jack javascript jpeg jpegxl lavu-uuid lcms2 libarchive libass libavdevice libbluray libdl libplacebo linux-fstatfs luajit memfd-create openal pipewire posix posix-shm ppoll pthread-condattr-setclock pulse rubberband rubberband-3 sixel uchardet vaapi vaapi-drm vaapi-wayland vaapi-x11 vapoursynth vdpau vdpau-gl-x11 vector vk-khr-display vt.h vulkan vulkan-interop wayland wayland-protocols-1-27 wayland-protocols-1-31 wayland-protocols-1-32 x11 xv zimg zimg-st428 zlib
[   0.000][d][global] home path: '' -> '/home/brown/.config/mpv'
[   0.000][d][global] user path: '~~home/' -> '/home/brown/.config/mpv'
[   0.000][d][global] user path: '~~old_home/' -> '/home/brown/.mpv'
[   0.000][d][global] config path: 'encoding-profiles.conf' -/-> '/home/brown/.config/mpv/encoding-profiles.conf'
[   0.000][d][global] config path: 'encoding-profiles.conf' -/-> '/home/brown/.mpv/encoding-profiles.conf'
[   0.000][d][global] config path: 'encoding-profiles.conf' -> '/etc/mpv/encoding-profiles.conf'
[   0.000][v][cplayer] Reading config file /etc/mpv/encoding-profiles.conf
[   0.000][v][ifo_dvdnav] Opening /etc/mpv/encoding-profiles.conf
[   0.000][v][bdmv/bluray] Opening /etc/mpv/encoding-profiles.conf
[   0.000][v][file] Opening /etc/mpv/encoding-profiles.conf
[   0.000][d][file] resize stream to 131072 bytes, drop 0 bytes
[   0.000][d][file] Stream opened successfully.
[   0.000][v][cplayer] Applying profile 'default'...
[   0.000][d][global] config path: 'mpv.conf' -> '/home/brown/.config/mpv/mpv.conf'
[   0.000][d][global] config path: 'config' -/-> '/home/brown/.config/mpv/config'
[   0.000][d][global] config path: 'mpv.conf' -/-> '/home/brown/.mpv/mpv.conf'
[   0.000][d][global] config path: 'config' -/-> '/home/brown/.mpv/config'
[   0.000][d][global] config path: 'mpv.conf' -/-> '/etc/mpv/mpv.conf'
[   0.000][d][global] config path: 'config' -/-> '/etc/mpv/config'
[   0.000][v][cplayer] Reading config file /home/brown/.config/mpv/mpv.conf
[   0.000][v][ifo_dvdnav] Opening /home/brown/.config/mpv/mpv.conf
[   0.000][v][bdmv/bluray] Opening /home/brown/.config/mpv/mpv.conf
[   0.000][v][file] Opening /home/brown/.config/mpv/mpv.conf
[   0.000][d][file] resize stream to 131072 bytes, drop 0 bytes
[   0.000][d][file] Stream opened successfully.
[   0.000][v][cplayer] Applying profile 'default'...
[   0.000][v][cplayer] Setting option 'save-position-on-quit' = 'yes' (flags = 4)
[   0.000][v][cplayer] Setting option 'term-osd-bar' = 'yes' (flags = 4)
[   0.000][v][cplayer] Setting option 'hr-seek-framedrop' = 'no' (flags = 4)
[   0.000][v][cplayer] Setting option 'hwdec' = 'auto' (flags = 4)
[   0.000][v][cplayer] Setting option 'video-sync' = 'display-resample-vdrop' (flags = 4)
[   0.000][v][cplayer] Setting option 'log-file' = '/home/brown/.config/mpv/logs/mpv.log' (flags = 4)
[   0.000][v][cplayer] Setting option 'keep-open-pause' = 'yes' (flags = 4)
[   0.000][v][cplayer] Setting option 'sub-border-size' = '1' (flags = 4)
[   0.000][v][cplayer] Setting option 'tone-mapping-max-boost' = '1' (flags = 4)
[   0.000][v][cplayer] Setting option 'tone-mapping-param' = '0.3' (flags = 4)
[   0.000][v][cplayer] Setting option 'tone-mapping' = 'mobius' (flags = 4)
[   0.000][v][cplayer] Setting option 'brightness' = '0' (flags = 4)
[   0.000][v][cplayer] Setting option 'saturation' = '0' (flags = 4)
[   0.000][v][cplayer] Setting option 'border' = 'no' (flags = 4)
[   0.000][v][cplayer] Setting option 'pause' = '' (flags = 4)
[   0.000][v][cplayer] Setting option 'volume-max' = '400' (flags = 4)
[   0.000][v][cplayer] Setting option 'volume' = '130' (flags = 4)
[   0.000][v][cplayer] Setting option 'audio-pitch-correction' = 'yes' (flags = 4)
[   0.000][v][cplayer] Setting option 'term-osd-bar' = 'yes' (flags = 4)
[   0.000][v][cplayer] Setting option 'alang' = 'en,eng,jp,jpn' (flags = 4)
[   0.000][v][cplayer] Setting option 'slang' = 'en,eng,jp,jpn' (flags = 4)
[   0.000][v][cplayer] Setting option 'screenshot-template' = '~~\SPOILER_%F-T%wH.%wM.%wS.%wT-F%{estimated-frame-number}' (flags = 4)
[   0.000][v][cplayer] Setting option 'screenshot-format' = 'png' (flags = 4)
[   0.000][v][cplayer] Setting option 'screenshot-png-compression' = '0' (flags = 4)
[   0.000][v][cplayer] Setting option 'screenshot-tag-colorspace' = 'yes' (flags = 4)
[   0.000][v][cplayer] Setting option 'screenshot-high-bit-depth' = 'yes' (flags = 4)
[   0.000][v][cplayer] Setting option 'screenshot-webp-lossless' = 'yes' (flags = 4)
[   0.000][v][cplayer] Setting option 'screenshot-webp-quality' = '100' (flags = 4)
[   0.000][v][cplayer] Setting option 'screenshot-webp-compression' = '6' (flags = 4)
[   0.000][v][cplayer] Setting option 'cursor-autohide' = '1000' (flags = 4)
[   0.000][v][cplayer] Setting option 'cache' = 'yes' (flags = 4)
[   0.000][v][cplayer] Setting option 'blend-subtitles' = 'yes' (flags = 4)
[   0.000][d][global] config path: 'input.conf' -> '/home/brown/.config/mpv/input.conf'
[   0.000][d][global] config path: 'input.conf' -/-> '/home/brown/.mpv/input.conf'
[   0.000][d][global] config path: 'input.conf' -/-> '/etc/mpv/input.conf'
[   0.000][d][global] user path: '/home/brown/.config/mpv/input.conf' -> '/home/brown/.config/mpv/input.conf'
[   0.000][v][ifo_dvdnav] Opening /home/brown/.config/mpv/input.conf
[   0.000][v][bdmv/bluray] Opening /home/brown/.config/mpv/input.conf
[   0.000][v][file] Opening /home/brown/.config/mpv/input.conf
[   0.000][d][file] resize stream to 131072 bytes, drop 0 bytes
[   0.000][d][file] Stream opened successfully.
[   0.000][v][input] Parsing input config file /home/brown/.config/mpv/input.conf
[   0.000][v][input] Input config file /home/brown/.config/mpv/input.conf parsed: 25 binds
[   0.000][d][global] user path: '/home/brown/.config/mpv/logs/mpv.log' -> '/home/brown/.config/mpv/logs/mpv.log'
[   0.007][v][cplayer] mpv v0.38.0-dirty Copyright © 2000-2024 mpv/MPlayer/mplayer2 projects
[   0.007][v][cplayer]  built on Jul  3 2024 05:59:22
[   0.007][v][cplayer] libplacebo version: v7.349.0
[   0.007][v][cplayer] FFmpeg version: n7.0.1
[   0.007][v][cplayer] FFmpeg library versions:
[   0.007][v][cplayer]    libavutil       59.8.100
[   0.007][v][cplayer]    libavcodec      61.3.100
[   0.007][v][cplayer]    libavformat     61.1.100
[   0.007][v][cplayer]    libswscale      8.1.100
[   0.007][v][cplayer]    libavfilter     10.1.100
[   0.007][v][cplayer]    libswresample   5.1.100
[   0.007][v][cplayer] 
[   0.007][v][cplayer] Configuration: -Db_pie=true -Dpython.bytecompile=1 -Dlibmpv=true -Dgl-x11=enabled -Dcaca=disabled -Dcdda=enabled -Ddvbin=enabled -Ddvdnav=enabled -Dlibarchive=enabled -Dopenal=enabled -Dprefix=/usr -Dlibexecdir=lib -Dsbindir=bin -Dauto_features=auto -Dbuildtype=plain -Dwrap_mode=nodownload
[   0.007][v][cplayer] List of enabled features: alsa av-channel-layout avif-muxer build-date cdda cplugins cuda-hwaccel cuda-interop dmabuf-interop-gl dmabuf-wayland drm dvbin dvdnav egl egl-drm egl-wayland egl-x11 ffmpeg ffnvcodec gbm gl gl-x11 glibc-thread-name glob glob-posix gpl iconv jack javascript jpeg jpegxl lavu-uuid lcms2 libarchive libass libavdevice libbluray libdl libplacebo linux-fstatfs luajit memfd-create openal pipewire posix posix-shm ppoll pthread-condattr-setclock pulse rubberband rubberband-3 sixel uchardet vaapi vaapi-drm vaapi-wayland vaapi-x11 vapoursynth vdpau vdpau-gl-x11 vector vk-khr-display vt.h vulkan vulkan-interop wayland wayland-protocols-1-27 wayland-protocols-1-31 wayland-protocols-1-32 x11 xv zimg zimg-st428 zlib
[   0.007][d][osc] Loading lua script @osc.lua...
[   0.007][d][ytdl_hook] Loading lua script @ytdl_hook.lua...
[   0.007][d][stats] Loading lua script @stats.lua...
[   0.007][d][console] Loading lua script @console.lua...
[   0.008][d][osc] loading mp.defaults
[   0.008][d][auto_profiles] Loading lua script @auto_profiles.lua...
[   0.008][d][ytdl_hook] loading mp.defaults
[   0.008][d][stats] loading mp.defaults
[   0.008][d][global] config path: 'scripts' -> '/home/brown/.config/mpv/scripts'
[   0.008][d][global] config path: 'scripts' -/-> '/home/brown/.mpv/scripts'
[   0.008][d][global] config path: 'scripts' -> '/etc/mpv/scripts'
[   0.008][d][auto_profiles] loading mp.defaults
[   0.008][d][console] loading mp.defaults
[   0.008][d][ytdl_hook] loading @ytdl_hook.lua
[   0.008][d][stats] loading @stats.lua
[   0.009][d][osc] loading @osc.lua
[   0.009][d][console] loading @console.lua
[   0.009][d][mpris] Loading cplugin script /etc/mpv/scripts/mpris.so...
[   0.009][d][autosub] Loading lua script /home/brown/.config/mpv/scripts/autosub.lua...
[   0.009][v][cplayer] Waiting for scripts...
[   0.010][d][ytdl_hook] reading options for ytdl_hook
[   0.010][d][global] config path: 'script-opts/ytdl_hook.conf' -/-> '/home/brown/.config/mpv/script-opts/ytdl_hook.conf'
[   0.010][d][global] config path: 'script-opts/ytdl_hook.conf' -/-> '/home/brown/.mpv/script-opts/ytdl_hook.conf'
[   0.010][d][global] config path: 'script-opts/ytdl_hook.conf' -/-> '/etc/mpv/script-opts/ytdl_hook.conf'
[   0.010][d][ytdl_hook] script-opts/ytdl_hook.conf not found.
[   0.010][d][global] config path: 'lua-settings/ytdl_hook.conf' -/-> '/home/brown/.config/mpv/lua-settings/ytdl_hook.conf'
[   0.010][d][global] config path: 'lua-settings/ytdl_hook.conf' -/-> '/home/brown/.mpv/lua-settings/ytdl_hook.conf'
[   0.010][d][global] config path: 'lua-settings/ytdl_hook.conf' -/-> '/etc/mpv/lua-settings/ytdl_hook.conf'
[   0.010][d][ytdl_hook] lua-settings/ytdl_hook.conf not found.
[   0.010][d][autosub] loading mp.defaults
[   0.012][d][autosub] loading file /home/brown/.config/mpv/scripts/autosub.lua
[   0.012][d][auto_profiles] loading @auto_profiles.lua
[   0.012][d][console] reading options for console
[   0.012][d][global] config path: 'script-opts/console.conf' -/-> '/home/brown/.config/mpv/script-opts/console.conf'
[   0.012][d][global] config path: 'script-opts/console.conf' -/-> '/home/brown/.mpv/script-opts/console.conf'
[   0.012][d][global] config path: 'script-opts/console.conf' -/-> '/etc/mpv/script-opts/console.conf'
[   0.012][d][console] script-opts/console.conf not found.
[   0.012][d][global] config path: 'lua-settings/console.conf' -/-> '/home/brown/.config/mpv/lua-settings/console.conf'
[   0.012][d][global] config path: 'lua-settings/console.conf' -/-> '/home/brown/.mpv/lua-settings/console.conf'
[   0.012][d][global] config path: 'lua-settings/console.conf' -/-> '/etc/mpv/lua-settings/console.conf'
[   0.012][d][console] lua-settings/console.conf not found.
[   0.012][d][stats] reading options for stats
[   0.012][d][global] config path: 'script-opts/stats.conf' -/-> '/home/brown/.config/mpv/script-opts/stats.conf'
[   0.012][d][global] config path: 'script-opts/stats.conf' -/-> '/home/brown/.mpv/script-opts/stats.conf'
[   0.012][d][global] config path: 'script-opts/stats.conf' -/-> '/etc/mpv/script-opts/stats.conf'
[   0.012][d][stats] script-opts/stats.conf not found.
[   0.012][d][global] config path: 'lua-settings/stats.conf' -/-> '/home/brown/.config/mpv/lua-settings/stats.conf'
[   0.012][d][global] config path: 'lua-settings/stats.conf' -/-> '/home/brown/.mpv/lua-settings/stats.conf'
[   0.012][d][global] config path: 'lua-settings/stats.conf' -/-> '/etc/mpv/lua-settings/stats.conf'
[   0.012][d][stats] lua-settings/stats.conf not found.
[   0.012][d][cplayer] Run command: define-section, flags=64, args=[name="input_console", contents="", flags="default"]
[   0.012][d][cplayer] Run command: enable-section, flags=64, args=[name="input_console", flags="allow-hide-cursor+allow-vo-dragging"]
[   0.013][d][cplayer] Run command: define-section, flags=64, args=[name="input_autosub", contents="b script-binding autosub/auto_load_subs\n", flags="default"]
[   0.014][d][osc] reading options for osc
[   0.014][d][global] config path: 'script-opts/osc.conf' -/-> '/home/brown/.config/mpv/script-opts/osc.conf'
[   0.014][d][global] config path: 'script-opts/osc.conf' -/-> '/home/brown/.mpv/script-opts/osc.conf'
[   0.014][d][global] config path: 'script-opts/osc.conf' -/-> '/etc/mpv/script-opts/osc.conf'
[   0.014][d][osc] script-opts/osc.conf not found.
[   0.014][d][cplayer] Run command: define-section, flags=64, args=[name="input_forced_console", contents="", flags="force"]
[   0.014][d][global] config path: 'lua-settings/osc.conf' -/-> '/home/brown/.config/mpv/lua-settings/osc.conf'
[   0.014][d][global] config path: 'lua-settings/osc.conf' -/-> '/home/brown/.mpv/lua-settings/osc.conf'
[   0.014][d][global] config path: 'lua-settings/osc.conf' -/-> '/etc/mpv/lua-settings/osc.conf'
[   0.014][d][osc] lua-settings/osc.conf not found.
[   0.014][d][cplayer] Run command: enable-section, flags=64, args=[name="input_forced_console", flags="allow-hide-cursor+allow-vo-dragging"]
[   0.014][d][cplayer] Run command: enable-section, flags=64, args=[name="input_autosub", flags="allow-hide-cursor+allow-vo-dragging"]
[   0.014][d][cplayer] Run command: define-section, flags=64, args=[name="input_forced_autosub", contents="", flags="force"]
[   0.014][d][cplayer] Run command: enable-section, flags=64, args=[name="input_forced_autosub", flags="allow-hide-cursor+allow-vo-dragging"]
[   0.014][d][cplayer] Run command: define-section, flags=64, args=[name="input_stats", contents="", flags="default"]
[   0.014][d][cplayer] Run command: enable-section, flags=64, args=[name="input_stats", flags="allow-hide-cursor+allow-vo-dragging"]
[   0.014][d][cplayer] Run command: define-section, flags=64, args=[name="input_forced_stats", contents="", flags="force"]
[   0.014][d][cplayer] Run command: enable-section, flags=64, args=[name="input_forced_stats", flags="allow-hide-cursor+allow-vo-dragging"]
[   0.015][d][cplayer] Run command: define-section, flags=64, args=[name="showhide", contents="mouse_move script-binding osc/__keybinding1\nmouse_leave script-binding osc/__keybinding2\n", flags="force"]
[   0.015][d][cplayer] Run command: define-section, flags=64, args=[name="showhide_wc", contents="mouse_move script-binding osc/__keybinding3\nmouse_leave script-binding osc/__keybinding4\n", flags="force"]
[   0.015][d][cplayer] Run command: enable-section, flags=64, args=[name="showhide", flags="allow-hide-cursor+allow-vo-dragging"]
[   0.015][d][cplayer] Run command: enable-section, flags=64, args=[name="showhide_wc", flags="allow-hide-cursor+allow-vo-dragging"]
[   0.015][d][cplayer] Run command: define-section, flags=64, args=[name="input", contents="mbtn_left script-binding osc/__keybinding5\nshift+mbtn_left script-binding osc/__keybinding6\nmbtn_right script-binding osc/__keybinding7\nmbtn_mid script-binding osc/__keybinding8\nwheel_up script-binding osc/__keybinding9\nwheel_down script-binding osc/__keybinding10\nmbtn_left_dbl ignore\nshift+mbtn_left_dbl ignore\nmbtn_right_dbl ignore\n", flags="force"]
[   0.015][d][cplayer] Run command: enable-section, flags=64, args=[name="input", flags=""]
[   0.015][d][cplayer] Run command: define-section, flags=64, args=[name="window-controls", contents="mbtn_left script-binding osc/__keybinding11\n", flags="force"]
[   0.015][d][cplayer] Run command: enable-section, flags=64, args=[name="window-controls", flags=""]
[   0.015][v][cplayer] Set property: user-data/osc/visibility="auto" -> 1
[   0.015][d][cplayer] Run command: disable-section, flags=64, args=[name="input"]
[   0.015][d][cplayer] Run command: disable-section, flags=64, args=[name="window-controls"]
[   0.015][v][cplayer] Set property: user-data/osc/margins={"l":0,"t":0,"b":0,"r":0} -> 1
[   0.016][v][cplayer] Done loading scripts.
[   0.016][d][global] state path: 'watch_later' -> '/home/brown/.local/state/mpv/watch_later'
[   0.016][v][cplayer] Running hook: auto_profiles/on_before_start_file
[   0.016][d][global] state path: 'watch_later' -> '/home/brown/.local/state/mpv/watch_later'
[   0.016][v][cplayer] Running hook: ytdl_hook/on_load
[   0.017][v][ytdl_hook] ytdl:// hook
[   0.017][v][cplayer] Set property: user-data/osc/margins={"l":0,"t":0,"b":0,"r":0} -> 1
[   0.017][v][ytdl_hook] not a ytdl:// url
[   0.018][v][cplayer] Running hook: ytdl_hook/on_load
[   0.018][d][osc] osc_init
[   0.018][v][ytdl_hook] playlist hook
[   0.018][v][cplayer] Running hook: auto_profiles/on_load
[   0.018][v][ifo_dvdnav] Opening /home/brown/Videos/Movies/The Transporter (2002)/The.Transporter.2002.720p.BrRip.x264.YIFY+HI.mp4
[   0.018][v][bdmv/bluray] Opening /home/brown/Videos/Movies/The Transporter (2002)/The.Transporter.2002.720p.BrRip.x264.YIFY+HI.mp4
[   0.018][v][file] Opening /home/brown/Videos/Movies/The Transporter (2002)/The.Transporter.2002.720p.BrRip.x264.YIFY+HI.mp4
[   0.018][d][file] resize stream to 131072 bytes, drop 0 bytes
[   0.018][d][file] Stream opened successfully.
[   0.018][v][demux] Trying demuxers for level=normal.
[   0.018][d][demux] Trying demuxer: disc (force-level: normal)
[   0.018][d][demux] Trying demuxer: edl (force-level: normal)
[   0.019][d][demux] Trying demuxer: cue (force-level: normal)
[   0.019][d][demux] Trying demuxer: rawaudio (force-level: normal)
[   0.019][d][demux] Trying demuxer: rawvideo (force-level: normal)
[   0.019][d][demux] Trying demuxer: mkv (force-level: normal)
[   0.019][d][demux] Trying demuxer: libarchive (force-level: normal)
[   0.020][v][cplayer] Set property: user-data/osc/margins={"l":0,"t":0,"b":0,"r":0} -> 1
[   0.020][d][global] config path: 'fonts' -/-> '/home/brown/.config/mpv/fonts'
[   0.020][d][global] config path: 'fonts' -/-> '/home/brown/.mpv/fonts'
[   0.020][d][global] config path: 'fonts' -/-> '/etc/mpv/fonts'
[   0.020][d][osd/libass] ASS library version: 0x1702000 (runtime 0x1703000)
[   0.020][v][osd/libass] libass API version: 0x1703000
[   0.020][v][osd/libass] libass source: commit: 0.17.3-0-ge46aedea0a0d17da4c4ef49d84b94a7994664ab5-dirty
[   0.020][v][osd/libass] Shaper: FriBidi 1.0.15 (SIMPLE) HarfBuzz-ng 9.0.0 (COMPLEX)
[   0.021][d][global] config path: 'subfont.ttf' -/-> '/home/brown/.config/mpv/subfont.ttf'
[   0.021][d][global] config path: 'subfont.ttf' -/-> '/home/brown/.mpv/subfont.ttf'
[   0.021][d][global] config path: 'subfont.ttf' -/-> '/etc/mpv/subfont.ttf'
[   0.021][d][global] config path: 'fonts.conf' -/-> '/home/brown/.config/mpv/fonts.conf'
[   0.021][d][global] config path: 'fonts.conf' -/-> '/home/brown/.mpv/fonts.conf'
[   0.021][d][global] config path: 'fonts.conf' -/-> '/etc/mpv/fonts.conf'
[   0.021][v][osd/libass] Setting up fonts...
[   0.022][d][demux] Trying demuxer: lavf (force-level: normal)
[   0.026][v][lavf] Found 'mov,mp4,m4a,3gp,3g2,mj2' at score=100 size=2048.
[   0.038][v][osd/libass] Using font provider fontconfig
[   0.038][v][osd/libass] Done.
[   0.039][d][osc] osc_init
[   0.040][v][cplayer] Set property: user-data/osc/margins={"l":0,"t":0,"b":0,"r":0} -> 1
[   0.040][d][cplayer] Run command: define-section, flags=64, args=[name="input_osc", contents="", flags="default"]
[   0.040][d][cplayer] Run command: enable-section, flags=64, args=[name="input_osc", flags="allow-hide-cursor+allow-vo-dragging"]
[   0.040][d][cplayer] Run command: define-section, flags=64, args=[name="input_forced_osc", contents="", flags="force"]
[   0.040][d][cplayer] Run command: enable-section, flags=64, args=[name="input_forced_osc", flags="allow-hide-cursor+allow-vo-dragging"]
[   0.138][d][ffmpeg/video] h264: Reinit context to 1280x544, pix_fmt: yuv420p
[   0.139][v][file] stream level seek from 2774943 to 576969100
[   0.139][v][demux] Detected file format: mov,mp4,m4a,3gp,3g2,mj2 (libavformat)
[   0.139][v][cplayer] Opening done: /home/brown/Videos/Movies/The Transporter (2002)/The.Transporter.2002.720p.BrRip.x264.YIFY+HI.mp4
[   0.139][v][find_files] Loading external files in /home/brown/Videos/Movies/The Transporter (2002)/
[   0.139][d][global] config path: 'sub' -/-> '/home/brown/.config/mpv/sub'
[   0.139][d][global] config path: 'sub' -/-> '/home/brown/.mpv/sub'
[   0.139][d][global] config path: 'sub' -/-> '/etc/mpv/sub'
[   0.139][v][ifo_dvdnav] Opening /home/brown/Videos/Movies/The Transporter (2002)/The.Transporter.2002.720p.BrRip.x264.YIFY+HI.srt
[   0.139][d][osc] osc_init
[   0.139][v][bdmv/bluray] Opening /home/brown/Videos/Movies/The Transporter (2002)/The.Transporter.2002.720p.BrRip.x264.YIFY+HI.srt
[   0.139][v][file] Opening /home/brown/Videos/Movies/The Transporter (2002)/The.Transporter.2002.720p.BrRip.x264.YIFY+HI.srt
[   0.139][d][file] resize stream to 131072 bytes, drop 0 bytes
[   0.139][d][file] Stream opened successfully.
[   0.139][v][demux] Trying demuxers for level=normal.
[   0.139][d][demux] Trying demuxer: disc (force-level: normal)
[   0.139][d][demux] Trying demuxer: edl (force-level: normal)
[   0.139][d][demux] Trying demuxer: cue (force-level: normal)
[   0.139][d][demux] Trying demuxer: rawaudio (force-level: normal)
[   0.139][d][demux] Trying demuxer: rawvideo (force-level: normal)
[   0.139][d][demux] Trying demuxer: mkv (force-level: normal)
[   0.139][d][demux] Trying demuxer: libarchive (force-level: normal)
[   0.139][d][demux] Trying demuxer: lavf (force-level: normal)
[   0.140][v][cplayer] Set property: user-data/osc/margins={"l":0,"t":0,"b":0,"r":0} -> 1
[   0.143][d][ffmpeg] AVIOContext: Statistics: 2742230 bytes read, 2 seeks
[   0.143][v][lavf] Found 'srt' at score=100 size=2048.
[   0.146][v][lavf] avformat_find_stream_info() finished after 57234 bytes.
[   0.146][v][lavf] demuxer read all data; closing stream
[   0.146][v][demux] Detected file format: srt (libavformat)
[   0.146][v][cplayer] Running hook: ytdl_hook/on_preloaded
[   0.146][v][cplayer] Running hook: auto_profiles/on_preloaded
[   0.147][v][lavf] select track 0
[   0.147][v][lavf] select track 1
[   0.147][v][lavf] select track 0
[   0.147][i][cplayer]  (+) Video --vid=1 (*) (h264 1280x544 23.976fps)
[   0.147][i][cplayer]  (+) Audio --aid=1 (*) (aac 2ch 48000Hz)
[   0.147][i][cplayer]  (+) Subs  --sid=1 'The.Transporter.2002.720p.BrRip.x264.YIFY+HI.srt' (subrip) (external)
[   0.147][v][vo/gpu] Probing for best GPU context.
[   0.147][v][vo/gpu/opengl] Initializing GPU context 'wayland'
[   0.148][v][vo/gpu/wayland] Registered for protocol wl_shm
[   0.148][v][vo/gpu/wayland] Registered for protocol zwp_linux_dmabuf_v1
[   0.148][v][vo/gpu/wayland] Registered for protocol wl_compositor
[   0.148][v][vo/gpu/wayland] Registered for protocol wl_subcompositor
[   0.148][v][vo/gpu/wayland] Registered for protocol wl_data_device_manager
[   0.148][v][vo/gpu/wayland] Registered for protocol zwp_idle_inhibit_manager_v1
[   0.148][v][vo/gpu/wayland] Registered for protocol xdg_wm_base
[   0.148][v][vo/gpu/wayland] Registered for protocol zxdg_decoration_manager_v1
[   0.148][v][vo/gpu/wayland] Registered for protocol wp_presentation
[   0.148][v][vo/gpu/wayland] Registered for protocol wp_viewporter
[   0.148][v][vo/gpu/wayland] Registered for protocol wp_single_pixel_buffer_manager_v1
[   0.148][v][vo/gpu/wayland] Registered for protocol wp_content_type_manager_v1
[   0.148][v][vo/gpu/wayland] Registered for protocol wp_fractional_scale_manager_v1
[   0.148][v][vo/gpu/wayland] Registered for protocol wp_cursor_shape_manager_v1
[   0.148][v][vo/gpu/wayland] Registered for protocol wl_seat
[   0.148][v][vo/gpu/wayland] Registered for protocol wl_output
[   0.148][v][vo/gpu/wayland] Registered output Chimei Innolux Corporation 0x151B (0x30):
[   0.148][v][vo/gpu/wayland] 	x: 0px, y: 0px
[   0.148][v][vo/gpu/wayland] 	w: 1920px (340mm), h: 1080px (190mm)
[   0.148][v][vo/gpu/wayland] 	scale: 2
[   0.148][v][vo/gpu/wayland] 	Hz: 60.001000
[   0.148][d][vo/gpu/wayland] Requested client-side decorations but compositor responded with server-side. It is likely that compositor wants us to stay in a given mode.
[   0.148][v][vo/gpu/wayland] Enabling server decorations
[   0.273][v][vo/gpu/opengl] EGL_VERSION=1.5
[   0.273][v][vo/gpu/opengl] EGL_VENDOR=Mesa Project
[   0.273][v][vo/gpu/opengl] EGL_CLIENT_APIS=OpenGL OpenGL_ES 
[   0.273][v][vo/gpu/opengl] Trying to create Desktop OpenGL context.
[   0.274][d][vo/gpu/opengl] Chosen EGLConfig:
[   0.274][d][vo/gpu/opengl]   EGL_CONFIG_ID=0x11
[   0.274][d][vo/gpu/opengl]   EGL_RED_SIZE=0xa
[   0.274][d][vo/gpu/opengl]   EGL_GREEN_SIZE=0xa
[   0.274][d][vo/gpu/opengl]   EGL_BLUE_SIZE=0xa
[   0.274][d][vo/gpu/opengl]   EGL_ALPHA_SIZE=0x0
[   0.274][d][vo/gpu/opengl]   EGL_COLOR_BUFFER_TYPE=0x308e
[   0.274][d][vo/gpu/opengl]   EGL_CONFIG_CAVEAT=0x3038
[   0.274][d][vo/gpu/opengl]   EGL_CONFORMANT=0x4d
[   0.274][d][vo/gpu/opengl]   EGL_NATIVE_VISUAL_ID=0x0
[   0.275][v][vo/gpu/wayland] GL_VERSION='4.6 (Core Profile) Mesa 24.1.3-arch1.1'
[   0.275][v][vo/gpu/wayland] Detected desktop OpenGL 4.6.
[   0.275][v][vo/gpu/wayland] GL_VENDOR='AMD'
[   0.275][v][vo/gpu/wayland] GL_RENDERER='AMD Radeon Vega 3 Graphics (radeonsi, raven2, LLVM 18.1.8, DRM 3.57, 6.10.0-1-cachyos)'
[   0.275][v][vo/gpu/wayland] GL_SHADING_LANGUAGE_VERSION='4.60'
[   0.275][d][vo/gpu/wayland] Combined OpenGL extensions string:
[   0.275][d][vo/gpu/wayland] EGL_ANDROID_blob_cache EGL_ANDROID_native_fence_sync EGL_EXT_buffer_age EGL_EXT_config_select_group EGL_EXT_create_context_robustness EGL_EXT_image_dma_buf_import EGL_EXT_image_dma_buf_import_modifiers EGL_EXT_present_opaque EGL_EXT_protected_surface EGL_EXT_query_reset_notification_strategy EGL_EXT_swap_buffers_with_damage EGL_IMG_context_priority EGL_KHR_cl_event2 EGL_KHR_config_attribs EGL_KHR_context_flush_control EGL_KHR_create_context EGL_KHR_create_context_no_error EGL_KHR_fence_sync EGL_KHR_get_all_proc_addresses EGL_KHR_gl_colorspace EGL_KHR_gl_renderbuffer_image EGL_KHR_gl_texture_2D_image EGL_KHR_gl_texture_3D_image EGL_KHR_gl_texture_cubemap_image EGL_KHR_image_base EGL_KHR_no_config_context EGL_KHR_reusable_sync EGL_KHR_surfaceless_context EGL_KHR_swap_buffers_with_damage EGL_EXT_pixel_format_float EGL_KHR_wait_sync EGL_MESA_configless_context EGL_MESA_drm_image EGL_MESA_gl_interop EGL_MESA_image_dma_buf_export EGL_MESA_query_driver EGL_MESA_x11_native_visual_id EGL_WL_bind_wayland_display EGL_WL_create_wayland_buffer_from_image  GL_AMD_conservative_depth GL_AMD_depth_clamp_separate GL_AMD_draw_buffers_blend GL_AMD_framebuffer_multisample_advanced GL_AMD_gpu_shader_int64 GL_AMD_multi_draw_indirect GL_AMD_performance_monitor GL_AMD_pinned_memory GL_AMD_query_buffer_object GL_AMD_seamless_cubemap_per_texture GL_AMD_shader_stencil_export GL_AMD_shader_trinary_minmax GL_AMD_texture_texture4 GL_AMD_vertex_shader_layer GL_AMD_vertex_shader_viewport_index GL_ANGLE_texture_compression_dxt3 GL_ANGLE_texture_compression_dxt5 GL_ARB_ES2_compatibility GL_ARB_ES3_1_compatibility GL_ARB_ES3_2_compatibility GL_ARB_ES3_compatibility GL_ARB_arrays_of_arrays GL_ARB_base_instance GL_ARB_bindless_texture GL_ARB_blend_func_extended GL_ARB_buffer_storage GL_ARB_clear_buffer_object GL_ARB_clear_texture GL_ARB_clip_control GL_ARB_color_buffer_float GL_ARB_compressed_texture_pixel_storage GL_ARB_compute_shader GL_ARB_compute_variable_group_size GL_ARB_conditional_render_inverted GL_ARB_conservative_depth GL_ARB_copy_buffer GL_ARB_copy_image GL_ARB_cull_distance GL_ARB_debug_output GL_ARB_depth_buffer_float GL_ARB_depth_clamp GL_ARB_derivative_control GL_ARB_direct_state_access GL_ARB_draw_buffers GL_ARB_draw_buffers_blend GL_ARB_draw_elements_base_vertex GL_ARB_draw_indirect GL_ARB_draw_instanced GL_ARB_enhanced_layouts GL_ARB_explicit_attrib_location GL_ARB_explicit_uniform_location GL_ARB_fragment_coord_conventions GL_ARB_fragment_layer_viewport GL_ARB_fragment_shader GL_ARB_framebuffer_no_attachments GL_ARB_framebuffer_object GL_ARB_framebuffer_sRGB GL_ARB_get_program_binary GL_ARB_get_texture_sub_image GL_ARB_gl_spirv GL_ARB_gpu_shader5 GL_ARB_gpu_shader_fp64 GL_ARB_gpu_shader_int64 GL_ARB_half_float_pixel GL_ARB_half_float_vertex GL_ARB_indirect_parameters GL_ARB_instanced_arrays GL_ARB_internalformat_query GL_ARB_internalformat_query2 GL_ARB_invalidate_subdata GL_ARB_map_buffer_alignment GL_ARB_map_buffer_range GL_ARB_multi_bind GL_ARB_multi_draw_indirect GL_ARB_occlusion_query2 GL_ARB_parallel_shader_compile GL_ARB_pipeline_statistics_query GL_ARB_pixel_buffer_object GL_ARB_point_sprite GL_ARB_polygon_offset_clamp GL_ARB_program_interface_query GL_ARB_provoking_vertex GL_ARB_query_buffer_object GL_ARB_robust_buffer_access_behavior GL_ARB_robustness GL_ARB_sample_shading GL_ARB_sampler_objects GL_ARB_seamless_cube_map GL_ARB_seamless_cubemap_per_texture GL_ARB_separate_shader_objects GL_ARB_shader_atomic_counter_ops GL_ARB_shader_atomic_counters GL_ARB_shader_ballot GL_ARB_shader_bit_encoding GL_ARB_shader_clock GL_ARB_shader_draw_parameters GL_ARB_shader_group_vote GL_ARB_shader_image_load_store GL_ARB_shader_image_size GL_ARB_shader_objects GL_ARB_shader_precision GL_ARB_shader_stencil_export GL_ARB_shader_storage_buffer_object GL_ARB_shader_subroutine GL_ARB_shader_texture_image_samples GL_ARB_shader_texture_lod GL_ARB_shader_viewport_layer_array GL_ARB_shading_language_420pack GL_ARB_shading_language_include GL_ARB_shading_language_packing GL_ARB_sparse_buffer GL_ARB_sparse_texture GL_ARB_sparse_texture2 GL_ARB_sparse_texture_clamp GL_ARB_spirv_extensions GL_ARB_stencil_texturing GL_ARB_sync GL_ARB_tessellation_shader GL_ARB_texture_barrier GL_ARB_texture_border_clamp GL_ARB_texture_buffer_object GL_ARB_texture_buffer_object_rgb32 GL_ARB_texture_buffer_range GL_ARB_texture_compression_bptc GL_ARB_texture_compression_rgtc GL_ARB_texture_cube_map_array GL_ARB_texture_filter_anisotropic GL_ARB_texture_float GL_ARB_texture_gather GL_ARB_texture_mirror_clamp_to_edge GL_ARB_texture_multisample GL_ARB_texture_non_power_of_two GL_ARB_texture_query_levels GL_ARB_texture_query_lod GL_ARB_texture_rectangle GL_ARB_texture_rg GL_ARB_texture_rgb10_a2ui GL_ARB_texture_stencil8 GL_ARB_texture_storage GL_ARB_texture_storage_multisample GL_ARB_texture_swizzle GL_ARB_texture_view GL_ARB_timer_query GL_ARB_transform_feedback2 GL_ARB_transform_feedback3 GL_ARB_transform_feedback_instanced GL_ARB_transform_feedback_overflow_query GL_ARB_uniform_buffer_object GL_ARB_vertex_array_bgra GL_ARB_vertex_array_object GL_ARB_vertex_attrib_64bit GL_ARB_vertex_attrib_binding GL_ARB_vertex_buffer_object GL_ARB_vertex_shader GL_ARB_vertex_type_10f_11f_11f_rev GL_ARB_vertex_type_2_10_10_10_rev GL_ARB_viewport_array GL_ATI_blend_equation_separate GL_ATI_meminfo GL_ATI_texture_float GL_ATI_texture_mirror_once GL_EXT_EGL_image_storage GL_EXT_EGL_sync GL_EXT_abgr GL_EXT_blend_equation_separate GL_EXT_debug_label GL_EXT_demote_to_helper_invocation GL_EXT_depth_bounds_test GL_EXT_draw_buffers2 GL_EXT_draw_instanced GL_EXT_framebuffer_blit GL_EXT_framebuffer_multisample GL_EXT_framebuffer_multisample_blit_scaled GL_EXT_framebuffer_object GL_EXT_framebuffer_sRGB GL_EXT_memory_object GL_EXT_memory_object_fd GL_EXT_packed_depth_stencil GL_EXT_packed_float GL_EXT_pixel_buffer_object GL_EXT_polygon_offset_clamp GL_EXT_provoking_vertex GL_EXT_semaphore GL_EXT_semaphore_fd GL_EXT_shader_image_load_formatted GL_EXT_shader_image_load_store GL_EXT_shader_integer_mix GL_EXT_shader_samples_identical GL_EXT_texture_array GL_EXT_texture_compression_dxt1 GL_EXT_texture_compression_rgtc GL_EXT_texture_compression_s3tc GL_EXT_texture_filter_anisotropic GL_EXT_texture_integer GL_EXT_texture_mirror_clamp GL_EXT_texture_sRGB GL_EXT_texture_sRGB_R8 GL_EXT_texture_sRGB_decode GL_EXT_texture_shadow_lod GL_EXT_texture_shared_exponent GL_EXT_texture_snorm GL_EXT_texture_storage GL_EXT_texture_swizzle GL_EXT_timer_query GL_EXT_transform_feedback GL_EXT_vertex_array_bgra GL_EXT_vertex_attrib_64bit GL_EXT_window_rectangles GL_IBM_multimode_draw_arrays GL_INTEL_blackhole_render GL_KHR_blend_equation_advanced GL_KHR_context_flush_control GL_KHR_debug GL_KHR_no_error GL_KHR_parallel_shader_compile GL_KHR_robust_buffer_access_behavior GL_KHR_robustness GL_KHR_texture_compression_astc_ldr GL_KHR_texture_compression_astc_sliced_3d GL_MESA_framebuffer_flip_y GL_MESA_pack_invert GL_MESA_shader_integer_functions GL_MESA_texture_const_bandwidth GL_MESA_texture_signed_rgba GL_NVX_gpu_memory_info GL_NV_alpha_to_coverage_dither_control GL_NV_compute_shader_derivatives GL_NV_conditional_render GL_NV_copy_image GL_NV_depth_clamp GL_NV_packed_depth_stencil GL_NV_shader_atomic_int64 GL_NV_texture_barrier GL_NV_vdpau_interop GL_OES_EGL_image GL_S3_s3tc
[   0.276][v][vo/gpu/wayland] Loaded extension GL_NV_vdpau_interop.
[   0.276][v][vo/gpu/wayland] Loaded extension GL_KHR_debug.
[   0.278][d][vo/gpu/opengl] Texture formats:
[   0.278][d][vo/gpu/opengl]   NAME       COMP*TYPE SIZE           DEPTH PER COMP.
[   0.278][d][vo/gpu/opengl]   r8         1*unorm   1B    LF CR ST {8}
[   0.278][d][vo/gpu/opengl]   rg8        2*unorm   2B    LF CR ST {8 8}
[   0.278][d][vo/gpu/opengl]   rgb8       3*unorm   3B    LF CR ST {8 8 8}
[   0.278][d][vo/gpu/opengl]   rgba8      4*unorm   4B    LF CR ST {8 8 8 8}
[   0.278][d][vo/gpu/opengl]   r16        1*unorm   2B    LF CR ST {16}
[   0.278][d][vo/gpu/opengl]   rg16       2*unorm   4B    LF CR ST {16 16}
[   0.278][d][vo/gpu/opengl]   rgb16      3*unorm   6B    LF CR ST {16 16 16}
[   0.278][d][vo/gpu/opengl]   rgba16     4*unorm   8B    LF CR ST {16 16 16 16}
[   0.278][d][vo/gpu/opengl]   r8ui       1*uint    1B       CR ST {8}
[   0.278][d][vo/gpu/opengl]   rg8ui      2*uint    2B       CR ST {8 8}
[   0.278][d][vo/gpu/opengl]   rgb8ui     3*uint    3B          ST {8 8 8}
[   0.278][d][vo/gpu/opengl]   rgba8ui    4*uint    4B       CR ST {8 8 8 8}
[   0.278][d][vo/gpu/opengl]   r16ui      1*uint    2B       CR ST {16}
[   0.278][d][vo/gpu/opengl]   rg16ui     2*uint    4B       CR ST {16 16}
[   0.278][d][vo/gpu/opengl]   rgb16ui    3*uint    6B          ST {16 16 16}
[   0.278][d][vo/gpu/opengl]   rgba16ui   4*uint    8B       CR ST {16 16 16 16}
[   0.278][d][vo/gpu/opengl]   r16f       1*float   4B    LF CR ST {32/16}
[   0.278][d][vo/gpu/opengl]   rg16f      2*float   8B    LF CR ST {32/16 32/16}
[   0.278][d][vo/gpu/opengl]   rgb16f     3*float  12B    LF CR ST {32/16 32/16 32/16}
[   0.278][d][vo/gpu/opengl]   rgba16f    4*float  16B    LF CR ST {32/16 32/16 32/16 32/16}
[   0.278][d][vo/gpu/opengl]   r32f       1*float   4B    LF CR ST {32}
[   0.278][d][vo/gpu/opengl]   rg32f      2*float   8B    LF CR ST {32 32}
[   0.278][d][vo/gpu/opengl]   rgb32f     3*float  12B    LF CR ST {32 32 32}
[   0.278][d][vo/gpu/opengl]   rgba32f    4*float  16B    LF CR ST {32 32 32 32}
[   0.278][d][vo/gpu/opengl]   rgb10_a2   4*unorm   4B    LF CR ST {0/10 0/10 0/10 0/2}
[   0.278][d][vo/gpu/opengl]   rgba12     4*unorm   8B    LF CR ST {16 16 16 16}
[   0.278][d][vo/gpu/opengl]   rgb10      3*unorm   6B    LF CR ST {16/10 16/10 16/10}
[   0.278][d][vo/gpu/opengl]   rgb565     3*unorm   2B    LF    ST {0/8 0/8 0/8}
[   0.278][d][vo/gpu/opengl]  LA = LUMINANCE_ALPHA hack format
[   0.278][d][vo/gpu/opengl]  LF = linear filterable
[   0.278][d][vo/gpu/opengl]  CR = can be used for render targets
[   0.278][d][vo/gpu/opengl]  ST = can be used for storable images
[   0.278][d][vo/gpu/opengl] Image formats:
[   0.278][d][vo/gpu/opengl]   yuv444p => 3 planes 1x1 8/0 [r8/r8/r8] (r/g/b) [unorm]
[   0.278][d][vo/gpu/opengl]   yuv420p => 3 planes 2x2 8/0 [r8/r8/r8] (r/g/b) [unorm]
[   0.278][d][vo/gpu/opengl]   gray => 1 planes 1x1 8/0 [r8] (r) [unorm]
[   0.278][d][vo/gpu/opengl]   gray16 => 1 planes 1x1 16/0 [r16] (r) [unorm]
[   0.278][d][vo/gpu/opengl]   uyvy422
[   0.278][d][vo/gpu/opengl]   nv12 => 2 planes 2x2 8/0 [r8/rg8] (r/gb) [unorm]
[   0.278][d][vo/gpu/opengl]   p010 => 2 planes 2x2 16/6 [r16/rg16] (r/gb) [unorm]
[   0.278][d][vo/gpu/opengl]   argb => 1 planes 1x1 8/0 [rgba8] (argb) [unorm]
[   0.278][d][vo/gpu/opengl]   bgra => 1 planes 1x1 8/0 [rgba8] (bgra) [unorm]
[   0.278][d][vo/gpu/opengl]   abgr => 1 planes 1x1 8/0 [rgba8] (abgr) [unorm]
[   0.278][d][vo/gpu/opengl]   rgba => 1 planes 1x1 8/0 [rgba8] (rgba) [unorm]
[   0.278][d][vo/gpu/opengl]   bgr24 => 1 planes 1x1 8/0 [rgb8] (bgr) [unorm]
[   0.278][d][vo/gpu/opengl]   rgb24 => 1 planes 1x1 8/0 [rgb8] (rgb) [unorm]
[   0.278][d][vo/gpu/opengl]   0rgb => 1 planes 1x1 8/0 [rgba8] (_rgb) [unorm]
[   0.278][d][vo/gpu/opengl]   bgr0 => 1 planes 1x1 8/0 [rgba8] (bgr) [unorm]
[   0.278][d][vo/gpu/opengl]   0bgr => 1 planes 1x1 8/0 [rgba8] (_bgr) [unorm]
[   0.278][d][vo/gpu/opengl]   rgb0 => 1 planes 1x1 8/0 [rgba8] (rgb) [unorm]
[   0.278][d][vo/gpu/opengl]   rgba64 => 1 planes 1x1 16/0 [rgba16] (rgba) [unorm]
[   0.278][d][vo/gpu/opengl]   rgb565 => 1 planes 1x1 0/0 [rgb565] (rgb) [unknown]
[   0.278][d][vo/gpu/opengl]   pal8
[   0.278][d][vo/gpu/opengl]   vdpau
[   0.278][d][vo/gpu/opengl]   d3d11
[   0.278][d][vo/gpu/opengl]   dxva2_vld
[   0.278][d][vo/gpu/opengl]   mmal
[   0.278][d][vo/gpu/opengl]   mediacodec
[   0.278][d][vo/gpu/opengl]   cuda
[   0.278][d][vo/gpu/opengl]   yap8 => 2 planes 1x1 8/0 [r8/r8] (r/a) [unorm]
[   0.278][d][vo/gpu/opengl]   yap16 => 2 planes 1x1 16/0 [r16/r16] (r/a) [unorm]
[   0.278][d][vo/gpu/opengl]   grayaf32 => 2 planes 1x1 32/0 [r16f/r16f] (r/a) [float]
[   0.278][d][vo/gpu/opengl]   yuv444pf => 3 planes 1x1 32/0 [r16f/r16f/r16f] (r/g/b) [float]
[   0.278][d][vo/gpu/opengl]   yuva444pf => 4 planes 1x1 32/0 [r16f/r16f/r16f/r16f] (r/g/b/a) [float]
[   0.278][d][vo/gpu/opengl]   yuv420pf => 3 planes 2x2 32/0 [r16f/r16f/r16f] (r/g/b) [float]
[   0.279][d][vo/gpu/opengl]   yuva420pf => 4 planes 2x2 32/0 [r16f/r16f/r16f/r16f] (r/g/b/a) [float]
[   0.279][d][vo/gpu/opengl]   yuv422pf => 3 planes 2x1 32/0 [r16f/r16f/r16f] (r/g/b) [float]
[   0.279][d][vo/gpu/opengl]   yuva422pf => 4 planes 2x1 32/0 [r16f/r16f/r16f/r16f] (r/g/b/a) [float]
[   0.279][d][vo/gpu/opengl]   yuv440pf => 3 planes 1x2 32/0 [r16f/r16f/r16f] (r/g/b) [float]
[   0.279][d][vo/gpu/opengl]   yuva440pf => 4 planes 1x2 32/0 [r16f/r16f/r16f/r16f] (r/g/b/a) [float]
[   0.279][d][vo/gpu/opengl]   yuv410pf => 3 planes 4x4 32/0 [r16f/r16f/r16f] (r/g/b) [float]
[   0.279][d][vo/gpu/opengl]   yuva410pf => 4 planes 4x4 32/0 [r16f/r16f/r16f/r16f] (r/g/b/a) [float]
[   0.279][d][vo/gpu/opengl]   yuv411pf => 3 planes 4x1 32/0 [r16f/r16f/r16f] (r/g/b) [float]
[   0.279][d][vo/gpu/opengl]   yuva411pf => 4 planes 4x1 32/0 [r16f/r16f/r16f/r16f] (r/g/b/a) [float]
[   0.279][d][vo/gpu/opengl]   rgb30 => 1 planes 1x1 10/0 [rgb10_a2] (bgr) [unknown]
[   0.279][d][vo/gpu/opengl]   y1 => 1 planes 1x1 8/-7 [r8] (r) [unorm]
[   0.279][d][vo/gpu/opengl]   gbrp1 => 3 planes 1x1 8/-7 [r8/r8/r8] (g/b/r) [unorm]
[   0.279][d][vo/gpu/opengl]   gbrp2 => 3 planes 1x1 8/-6 [r8/r8/r8] (g/b/r) [unorm]
[   0.279][d][vo/gpu/opengl]   gbrp3 => 3 planes 1x1 8/-5 [r8/r8/r8] (g/b/r) [unorm]
[   0.279][d][vo/gpu/opengl]   gbrp4 => 3 planes 1x1 8/-4 [r8/r8/r8] (g/b/r) [unorm]
[   0.279][d][vo/gpu/opengl]   gbrp5 => 3 planes 1x1 8/-3 [r8/r8/r8] (g/b/r) [unorm]
[   0.279][d][vo/gpu/opengl]   gbrp6 => 3 planes 1x1 8/-2 [r8/r8/r8] (g/b/r) [unorm]
[   0.279][d][vo/gpu/opengl]   vdpau_output
[   0.279][d][vo/gpu/opengl]   vaapi
[   0.279][d][vo/gpu/opengl]   videotoolbox
[   0.279][d][vo/gpu/opengl]   vulkan
[   0.279][d][vo/gpu/opengl]   drm_prime
[   0.279][d][vo/gpu/opengl]   yuyv422
[   0.279][d][vo/gpu/opengl]   yuv422p => 3 planes 2x1 8/0 [r8/r8/r8] (r/g/b) [unorm]
[   0.279][d][vo/gpu/opengl]   yuv410p => 3 planes 4x4 8/0 [r8/r8/r8] (r/g/b) [unorm]
[   0.279][d][vo/gpu/opengl]   yuv411p => 3 planes 4x1 8/0 [r8/r8/r8] (r/g/b) [unorm]
[   0.279][d][vo/gpu/opengl]   monow
[   0.279][d][vo/gpu/opengl]   monob
[   0.279][d][vo/gpu/opengl]   yuvj422p => 3 planes 2x1 8/0 [r8/r8/r8] (r/g/b) [unorm]
[   0.279][d][vo/gpu/opengl]   uyyvyy411
[   0.279][d][vo/gpu/opengl]   bgr8
[   0.279][d][vo/gpu/opengl]   bgr4
[   0.279][d][vo/gpu/opengl]   bgr4_byte
[   0.279][d][vo/gpu/opengl]   rgb8
[   0.279][d][vo/gpu/opengl]   rgb4
[   0.279][d][vo/gpu/opengl]   rgb4_byte
[   0.279][d][vo/gpu/opengl]   nv21 => 2 planes 2x2 8/0 [r8/rg8] (r/bg) [unorm]
[   0.279][d][vo/gpu/opengl]   gray16be
[   0.279][d][vo/gpu/opengl]   yuv440p => 3 planes 1x2 8/0 [r8/r8/r8] (r/g/b) [unorm]
[   0.279][d][vo/gpu/opengl]   yuvj440p => 3 planes 1x2 8/0 [r8/r8/r8] (r/g/b) [unorm]
[   0.279][d][vo/gpu/opengl]   yuva420p => 4 planes 2x2 8/0 [r8/r8/r8/r8] (r/g/b/a) [unorm]
[   0.279][d][vo/gpu/opengl]   rgb48be
[   0.279][d][vo/gpu/opengl]   rgb48 => 1 planes 1x1 16/0 [rgb16] (rgb) [unorm]
[   0.279][d][vo/gpu/opengl]   rgb565be
[   0.279][d][vo/gpu/opengl]   rgb555be
[   0.279][d][vo/gpu/opengl]   rgb555
[   0.279][d][vo/gpu/opengl]   bgr565be
[   0.279][d][vo/gpu/opengl]   bgr565
[   0.279][d][vo/gpu/opengl]   bgr555be
[   0.279][d][vo/gpu/opengl]   bgr555
[   0.279][d][vo/gpu/opengl]   yuv420p16 => 3 planes 2x2 16/0 [r16/r16/r16] (r/g/b) [unorm]
[   0.279][d][vo/gpu/opengl]   yuv420p16be
[   0.279][d][vo/gpu/opengl]   yuv422p16 => 3 planes 2x1 16/0 [r16/r16/r16] (r/g/b) [unorm]
[   0.279][d][vo/gpu/opengl]   yuv422p16be
[   0.279][d][vo/gpu/opengl]   yuv444p16 => 3 planes 1x1 16/0 [r16/r16/r16] (r/g/b) [unorm]
[   0.279][d][vo/gpu/opengl]   yuv444p16be
[   0.279][d][vo/gpu/opengl]   rgb444
[   0.279][d][vo/gpu/opengl]   rgb444be
[   0.279][d][vo/gpu/opengl]   bgr444
[   0.279][d][vo/gpu/opengl]   bgr444be
[   0.279][d][vo/gpu/opengl]   ya8 => 1 planes 1x1 8/0 [rg8] (ra) [unorm]
[   0.279][d][vo/gpu/opengl]   bgr48be
[   0.279][d][vo/gpu/opengl]   bgr48 => 1 planes 1x1 16/0 [rgb16] (bgr) [unorm]
[   0.279][d][vo/gpu/opengl]   yuv420p9be
[   0.279][d][vo/gpu/opengl]   yuv420p9 => 3 planes 2x2 16/-7 [r16/r16/r16] (r/g/b) [unorm]
[   0.279][d][vo/gpu/opengl]   yuv420p10be
[   0.279][d][vo/gpu/opengl]   yuv420p10 => 3 planes 2x2 16/-6 [r16/r16/r16] (r/g/b) [unorm]
[   0.279][d][vo/gpu/opengl]   yuv422p10be
[   0.279][d][vo/gpu/opengl]   yuv422p10 => 3 planes 2x1 16/-6 [r16/r16/r16] (r/g/b) [unorm]
[   0.279][d][vo/gpu/opengl]   yuv444p9be
[   0.279][d][vo/gpu/opengl]   yuv444p9 => 3 planes 1x1 16/-7 [r16/r16/r16] (r/g/b) [unorm]
[   0.279][d][vo/gpu/opengl]   yuv444p10be
[   0.279][d][vo/gpu/opengl]   yuv444p10 => 3 planes 1x1 16/-6 [r16/r16/r16] (r/g/b) [unorm]
[   0.279][d][vo/gpu/opengl]   yuv422p9be
[   0.279][d][vo/gpu/opengl]   yuv422p9 => 3 planes 2x1 16/-7 [r16/r16/r16] (r/g/b) [unorm]
[   0.279][d][vo/gpu/opengl]   gbrp => 3 planes 1x1 8/0 [r8/r8/r8] (g/b/r) [unorm]
[   0.279][d][vo/gpu/opengl]   gbrp9be
[   0.279][d][vo/gpu/opengl]   gbrp9 => 3 planes 1x1 16/-7 [r16/r16/r16] (g/b/r) [unorm]
[   0.279][d][vo/gpu/opengl]   gbrp10be
[   0.279][d][vo/gpu/opengl]   gbrp10 => 3 planes 1x1 16/-6 [r16/r16/r16] (g/b/r) [unorm]
[   0.279][d][vo/gpu/opengl]   gbrp16be
[   0.279][d][vo/gpu/opengl]   gbrp16 => 3 planes 1x1 16/0 [r16/r16/r16] (g/b/r) [unorm]
[   0.279][d][vo/gpu/opengl]   yuva422p => 4 planes 2x1 8/0 [r8/r8/r8/r8] (r/g/b/a) [unorm]
[   0.279][d][vo/gpu/opengl]   yuva444p => 4 planes 1x1 8/0 [r8/r8/r8/r8] (r/g/b/a) [unorm]
[   0.279][d][vo/gpu/opengl]   yuva420p9be
[   0.279][d][vo/gpu/opengl]   yuva420p9 => 4 planes 2x2 16/-7 [r16/r16/r16/r16] (r/g/b/a) [unorm]
[   0.279][d][vo/gpu/opengl]   yuva422p9be
[   0.279][d][vo/gpu/opengl]   yuva422p9 => 4 planes 2x1 16/-7 [r16/r16/r16/r16] (r/g/b/a) [unorm]
[   0.279][d][vo/gpu/opengl]   yuva444p9be
[   0.279][d][vo/gpu/opengl]   yuva444p9 => 4 planes 1x1 16/-7 [r16/r16/r16/r16] (r/g/b/a) [unorm]
[   0.279][d][vo/gpu/opengl]   yuva420p10be
[   0.279][d][vo/gpu/opengl]   yuva420p10 => 4 planes 2x2 16/-6 [r16/r16/r16/r16] (r/g/b/a) [unorm]
[   0.279][d][vo/gpu/opengl]   yuva422p10be
[   0.279][d][vo/gpu/opengl]   yuva422p10 => 4 planes 2x1 16/-6 [r16/r16/r16/r16] (r/g/b/a) [unorm]
[   0.279][d][vo/gpu/opengl]   yuva444p10be
[   0.279][d][vo/gpu/opengl]   yuva444p10 => 4 planes 1x1 16/-6 [r16/r16/r16/r16] (r/g/b/a) [unorm]
[   0.279][d][vo/gpu/opengl]   yuva420p16be
[   0.279][d][vo/gpu/opengl]   yuva420p16 => 4 planes 2x2 16/0 [r16/r16/r16/r16] (r/g/b/a) [unorm]
[   0.279][d][vo/gpu/opengl]   yuva422p16be
[   0.279][d][vo/gpu/opengl]   yuva422p16 => 4 planes 2x1 16/0 [r16/r16/r16/r16] (r/g/b/a) [unorm]
[   0.279][d][vo/gpu/opengl]   yuva444p16be
[   0.279][d][vo/gpu/opengl]   yuva444p16 => 4 planes 1x1 16/0 [r16/r16/r16/r16] (r/g/b/a) [unorm]
[   0.279][d][vo/gpu/opengl]   xyz12 => 1 planes 1x1 16/4 [rgb16] (rgb) [unorm]
[   0.279][d][vo/gpu/opengl]   xyz12be
[   0.279][d][vo/gpu/opengl]   nv16 => 2 planes 2x1 8/0 [r8/rg8] (r/gb) [unorm]
[   0.279][d][vo/gpu/opengl]   nv20 => 2 planes 2x1 16/-6 [r16/rg16] (r/gb) [unorm]
[   0.279][d][vo/gpu/opengl]   nv20be
[   0.279][d][vo/gpu/opengl]   rgba64be
[   0.279][d][vo/gpu/opengl]   bgra64be
[   0.279][d][vo/gpu/opengl]   bgra64 => 1 planes 1x1 16/0 [rgba16] (bgra) [unorm]
[   0.279][d][vo/gpu/opengl]   yvyu422
[   0.279][d][vo/gpu/opengl]   ya16be
[   0.279][d][vo/gpu/opengl]   ya16 => 1 planes 1x1 16/0 [rg16] (ra) [unorm]
[   0.279][d][vo/gpu/opengl]   gbrap => 4 planes 1x1 8/0 [r8/r8/r8/r8] (g/b/r/a) [unorm]
[   0.279][d][vo/gpu/opengl]   gbrap16be
[   0.279][d][vo/gpu/opengl]   gbrap16 => 4 planes 1x1 16/0 [r16/r16/r16/r16] (g/b/r/a) [unorm]
[   0.279][d][vo/gpu/opengl]   qsv
[   0.279][d][vo/gpu/opengl]   d3d11va_vld
[   0.279][d][vo/gpu/opengl]   yuv420p12be
[   0.279][d][vo/gpu/opengl]   yuv420p12 => 3 planes 2x2 16/-4 [r16/r16/r16] (r/g/b) [unorm]
[   0.279][d][vo/gpu/opengl]   yuv420p14be
[   0.279][d][vo/gpu/opengl]   yuv420p14 => 3 planes 2x2 16/-2 [r16/r16/r16] (r/g/b) [unorm]
[   0.279][d][vo/gpu/opengl]   yuv422p12be
[   0.279][d][vo/gpu/opengl]   yuv422p12 => 3 planes 2x1 16/-4 [r16/r16/r16] (r/g/b) [unorm]
[   0.279][d][vo/gpu/opengl]   yuv422p14be
[   0.279][d][vo/gpu/opengl]   yuv422p14 => 3 planes 2x1 16/-2 [r16/r16/r16] (r/g/b) [unorm]
[   0.279][d][vo/gpu/opengl]   yuv444p12be
[   0.279][d][vo/gpu/opengl]   yuv444p12 => 3 planes 1x1 16/-4 [r16/r16/r16] (r/g/b) [unorm]
[   0.279][d][vo/gpu/opengl]   yuv444p14be
[   0.279][d][vo/gpu/opengl]   yuv444p14 => 3 planes 1x1 16/-2 [r16/r16/r16] (r/g/b) [unorm]
[   0.279][d][vo/gpu/opengl]   gbrp12be
[   0.279][d][vo/gpu/opengl]   gbrp12 => 3 planes 1x1 16/-4 [r16/r16/r16] (g/b/r) [unorm]
[   0.279][d][vo/gpu/opengl]   gbrp14be
[   0.279][d][vo/gpu/opengl]   gbrp14 => 3 planes 1x1 16/-2 [r16/r16/r16] (g/b/r) [unorm]
[   0.279][d][vo/gpu/opengl]   yuvj411p => 3 planes 4x1 8/0 [r8/r8/r8] (r/g/b) [unorm]
[   0.279][d][vo/gpu/opengl]   bayer_bggr8
[   0.279][d][vo/gpu/opengl]   bayer_rggb8
[   0.279][d][vo/gpu/opengl]   bayer_gbrg8
[   0.279][d][vo/gpu/opengl]   bayer_grbg8
[   0.279][d][vo/gpu/opengl]   bayer_bggr16
[   0.279][d][vo/gpu/opengl]   bayer_bggr16be
[   0.279][d][vo/gpu/opengl]   bayer_rggb16
[   0.279][d][vo/gpu/opengl]   bayer_rggb16be
[   0.279][d][vo/gpu/opengl]   bayer_gbrg16
[   0.279][d][vo/gpu/opengl]   bayer_gbrg16be
[   0.279][d][vo/gpu/opengl]   bayer_grbg16
[   0.279][d][vo/gpu/opengl]   bayer_grbg16be
[   0.279][d][vo/gpu/opengl]   yuv440p10 => 3 planes 1x2 16/-6 [r16/r16/r16] (r/g/b) [unorm]
[   0.279][d][vo/gpu/opengl]   yuv440p10be
[   0.279][d][vo/gpu/opengl]   yuv440p12 => 3 planes 1x2 16/-4 [r16/r16/r16] (r/g/b) [unorm]
[   0.279][d][vo/gpu/opengl]   yuv440p12be
[   0.279][d][vo/gpu/opengl]   ayuv64 => 1 planes 1x1 16/0 [rgba16] (argb) [unorm]
[   0.279][d][vo/gpu/opengl]   ayuv64be
[   0.279][d][vo/gpu/opengl]   p010be
[   0.279][d][vo/gpu/opengl]   gbrap12be
[   0.279][d][vo/gpu/opengl]   gbrap12 => 4 planes 1x1 16/-4 [r16/r16/r16/r16] (g/b/r/a) [unorm]
[   0.279][d][vo/gpu/opengl]   gbrap10be
[   0.279][d][vo/gpu/opengl]   gbrap10 => 4 planes 1x1 16/-6 [r16/r16/r16/r16] (g/b/r/a) [unorm]
[   0.279][d][vo/gpu/opengl]   gray12be
[   0.279][d][vo/gpu/opengl]   gray12 => 1 planes 1x1 16/-4 [r16] (r) [unorm]
[   0.279][d][vo/gpu/opengl]   gray10be
[   0.279][d][vo/gpu/opengl]   gray10 => 1 planes 1x1 16/-6 [r16] (r) [unorm]
[   0.279][d][vo/gpu/opengl]   p016 => 2 planes 2x2 16/0 [r16/rg16] (r/gb) [unorm]
[   0.279][d][vo/gpu/opengl]   p016be
[   0.279][d][vo/gpu/opengl]   gray9be
[   0.279][d][vo/gpu/opengl]   gray9 => 1 planes 1x1 16/-7 [r16] (r) [unorm]
[   0.279][d][vo/gpu/opengl]   gbrpf32be
[   0.279][d][vo/gpu/opengl]   gbrpf32 => 3 planes 1x1 32/0 [r16f/r16f/r16f] (g/b/r) [float]
[   0.279][d][vo/gpu/opengl]   gbrapf32be
[   0.279][d][vo/gpu/opengl]   gbrapf32 => 4 planes 1x1 32/0 [r16f/r16f/r16f/r16f] (g/b/r/a) [float]
[   0.279][d][vo/gpu/opengl]   opencl
[   0.279][d][vo/gpu/opengl]   gray14be
[   0.279][d][vo/gpu/opengl]   gray14 => 1 planes 1x1 16/-2 [r16] (r) [unorm]
[   0.279][d][vo/gpu/opengl]   grayf32be
[   0.279][d][vo/gpu/opengl]   grayf32 => 1 planes 1x1 32/0 [r16f] (r) [float]
[   0.279][d][vo/gpu/opengl]   yuva422p12be
[   0.279][d][vo/gpu/opengl]   yuva422p12 => 4 planes 2x1 16/-4 [r16/r16/r16/r16] (r/g/b/a) [unorm]
[   0.279][d][vo/gpu/opengl]   yuva444p12be
[   0.279][d][vo/gpu/opengl]   yuva444p12 => 4 planes 1x1 16/-4 [r16/r16/r16/r16] (r/g/b/a) [unorm]
[   0.279][d][vo/gpu/opengl]   nv24 => 2 planes 1x1 8/0 [r8/rg8] (r/gb) [unorm]
[   0.279][d][vo/gpu/opengl]   nv42 => 2 planes 1x1 8/0 [r8/rg8] (r/bg) [unorm]
[   0.279][d][vo/gpu/opengl]   y210be
[   0.279][d][vo/gpu/opengl]   y210
[   0.279][d][vo/gpu/opengl]   x2rgb10be
[   0.279][d][vo/gpu/opengl]   x2bgr10
[   0.279][d][vo/gpu/opengl]   x2bgr10be
[   0.279][d][vo/gpu/opengl]   p210be
[   0.279][d][vo/gpu/opengl]   p210 => 2 planes 2x1 16/6 [r16/rg16] (r/gb) [unorm]
[   0.279][d][vo/gpu/opengl]   p410be
[   0.279][d][vo/gpu/opengl]   p410 => 2 planes 1x1 16/6 [r16/rg16] (r/gb) [unorm]
[   0.279][d][vo/gpu/opengl]   p216be
[   0.279][d][vo/gpu/opengl]   p216 => 2 planes 2x1 16/0 [r16/rg16] (r/gb) [unorm]
[   0.279][d][vo/gpu/opengl]   p416be
[   0.279][d][vo/gpu/opengl]   p416 => 2 planes 1x1 16/0 [r16/rg16] (r/gb) [unorm]
[   0.279][d][vo/gpu/opengl]   vuya => 1 planes 1x1 8/0 [rgba8] (bgra) [unorm]
[   0.279][d][vo/gpu/opengl]   rgbaf16be
[   0.279][d][vo/gpu/opengl]   rgbaf16
[   0.279][d][vo/gpu/opengl]   vuyx => 1 planes 1x1 8/0 [rgba8] (bgr) [unorm]
[   0.279][d][vo/gpu/opengl]   p012 => 2 planes 2x2 16/4 [r16/rg16] (r/gb) [unorm]
[   0.279][d][vo/gpu/opengl]   p012be
[   0.279][d][vo/gpu/opengl]   y212be
[   0.279][d][vo/gpu/opengl]   y212
[   0.279][d][vo/gpu/opengl]   xv30be
[   0.279][d][vo/gpu/opengl]   xv30
[   0.279][d][vo/gpu/opengl]   xv36be
[   0.279][d][vo/gpu/opengl]   xv36 => 1 planes 1x1 16/4 [rgba16] (grb) [unorm]
[   0.279][d][vo/gpu/opengl]   rgbf32be
[   0.279][d][vo/gpu/opengl]   rgbf32
[   0.279][d][vo/gpu/opengl]   rgbaf32be
[   0.279][d][vo/gpu/opengl]   rgbaf32
[   0.279][d][vo/gpu/opengl]   p212be
[   0.279][d][vo/gpu/opengl]   p212 => 2 planes 2x1 16/4 [r16/rg16] (r/gb) [unorm]
[   0.279][d][vo/gpu/opengl]   p412be
[   0.279][d][vo/gpu/opengl]   p412 => 2 planes 1x1 16/4 [r16/rg16] (r/gb) [unorm]
[   0.279][d][vo/gpu/opengl]   gbrap14be
[   0.279][d][vo/gpu/opengl]   gbrap14 => 4 planes 1x1 16/-2 [r16/r16/r16/r16] (g/b/r/a) [unorm]
[   0.279][d][vo/gpu/opengl]   d3d12
[   0.279][v][vo/gpu] Testing FBO format rgba16f
[   0.279][d][vo/gpu] Resizing texture: 16x16
[   0.279][v][vo/gpu] Using FBO format rgba16f.
[   0.279][d][global] cache path: '' -> '/home/brown/.cache/mpv'
[   0.283][v][vo/gpu] Resize: 0x0
[   0.283][v][vo/gpu] Assuming 60.001000 FPS for display sync.
[   0.283][v][vd] Container reported FPS: 23.976024
[   0.283][v][vd] Codec list:
[   0.283][v][vd]     h264 - H.264 / AVC / MPEG-4 AVC / MPEG-4 part 10
[   0.283][v][vd]     h264_v4l2m2m (h264) - V4L2 mem2mem H.264 decoder wrapper
[   0.283][v][vd]     h264_qsv (h264) - H264 video (Intel Quick Sync Video acceleration)
[   0.283][v][vd]     h264_cuvid (h264) - Nvidia CUVID H264 decoder
[   0.283][v][vd] Opening decoder h264
[   0.283][v][vd] Looking at hwdec h264-nvdec...
[   0.283][v][vo/gpu] Loading hwdec drivers for format: 'cuda'
[   0.283][v][vo/gpu] Loading hwdec driver 'cuda'
[   0.283][v][vo/gpu/cuda] Failed to load CUDA symbols
[   0.283][v][vo/gpu] Loading failed.
[   0.283][v][vd] Could not create device.
[   0.283][v][vd] Looking at hwdec h264-vaapi...
[   0.283][v][vo/gpu] Loading hwdec drivers for format: 'vaapi'
[   0.283][v][vo/gpu] Loading hwdec driver 'vaapi'
[   0.283][v][vo/gpu/vaapi] Using EGL dmabuf interop via GL_EXT_EGL_image_storage
[   0.283][v][vo/gpu/vaapi] Trying to open a x11 VA display...
[   0.283][v][vo/gpu/vaapi] Trying to open a wayland VA display...
[   0.287][v][vo/gpu/vaapi/vaapi] libva: VA-API version 1.21.0
[   0.288][v][vo/gpu/vaapi/vaapi] libva: User environment variable requested driver 'radeonsi'
[   0.288][v][vo/gpu/vaapi/vaapi] libva: Trying to open /usr/lib/dri/radeonsi_drv_video.so
[   0.291][v][vo/gpu/vaapi/vaapi] libva: Found init function __vaDriverInit_1_21
[   0.306][v][vo/gpu/vaapi/vaapi] libva: va_openDriver() returns 0
[   0.306][v][vo/gpu/vaapi/vaapi] Initialized VAAPI: version 1.21
[   0.306][d][ffmpeg] AVHWDeviceContext: VAAPI driver: Mesa Gallium driver 24.1.3-arch1.1 for AMD Radeon Vega 3 Graphics (radeonsi, raven2, LLVM 18.1.8, DRM 3.57, 6.10.0-1-cachyos).
[   0.306][d][ffmpeg] AVHWDeviceContext: Driver not found in known nonstandard list, using standard behaviour.
[   0.306][v][vo/gpu/vaapi] Going to probe surface formats (may log bogus errors)...
[   0.330][d][vo/gpu/vaapi] Failed to create mapper
[   0.330][d][vo/gpu/vaapi] Unsupported format: yuyv422
[   0.330][d][vo/gpu/vaapi] Failed to create mapper
[   0.330][d][vo/gpu/vaapi] Unsupported format: uyvy422
[   0.332][d][vo/gpu/vaapi] vaExportSurfaceHandle() failed (an unsupported memory type was supplied)
[   0.332][d][vo/gpu/vaapi] Unsupported format: argb
[   0.332][d][vo/gpu/vaapi] Supported formats:
[   0.332][d][vo/gpu/vaapi]  nv12
[   0.332][d][vo/gpu/vaapi]  p010
[   0.332][d][vo/gpu/vaapi]  yuv420p
[   0.332][d][vo/gpu/vaapi]  gray
[   0.332][d][vo/gpu/vaapi]  yuv444p
[   0.332][d][vo/gpu/vaapi]  bgra
[   0.332][d][vo/gpu/vaapi]  rgba
[   0.332][d][vo/gpu/vaapi]  bgr0
[   0.332][d][vo/gpu/vaapi]  rgb0
[   0.332][v][vo/gpu/vaapi] Done probing surface formats.
[   0.332][v][vd] Trying hardware decoding via h264-vaapi.
[   0.333][v][vd] Selected codec: H.264 / AVC / MPEG-4 AVC / MPEG-4 part 10
[   0.333][v][vf] User filter list:
[   0.333][v][vf]   (empty)
[   0.333][v][ad] Codec list:
[   0.333][v][ad]     aac - AAC (Advanced Audio Coding)
[   0.333][v][ad]     aac_fixed (aac) - AAC (Advanced Audio Coding)
[   0.333][v][ad] Opening decoder aac
[   0.333][v][ad] Requesting 1 threads for decoding.
[   0.334][v][ad] Selected codec: AAC (Advanced Audio Coding)
[   0.334][v][af] User filter list:
[   0.334][v][af]   (empty)
[   0.334][d][global] config path: 'fonts' -/-> '/home/brown/.config/mpv/fonts'
[   0.334][d][global] config path: 'fonts' -/-> '/home/brown/.mpv/fonts'
[   0.334][d][global] config path: 'fonts' -/-> '/etc/mpv/fonts'
[   0.334][d][sub/ass] ASS library version: 0x1702000 (runtime 0x1703000)
[   0.334][v][sub/ass] libass API version: 0x1703000
[   0.334][v][sub/ass] libass source: commit: 0.17.3-0-ge46aedea0a0d17da4c4ef49d84b94a7994664ab5-dirty
[   0.335][v][sub/ass] Shaper: FriBidi 1.0.15 (SIMPLE) HarfBuzz-ng 9.0.0 (COMPLEX)
[   0.335][d][global] config path: 'subfont.ttf' -/-> '/home/brown/.config/mpv/subfont.ttf'
[   0.335][d][global] config path: 'subfont.ttf' -/-> '/home/brown/.mpv/subfont.ttf'
[   0.335][d][global] config path: 'subfont.ttf' -/-> '/etc/mpv/subfont.ttf'
[   0.335][d][global] config path: 'fonts.conf' -/-> '/home/brown/.config/mpv/fonts.conf'
[   0.335][d][global] config path: 'fonts.conf' -/-> '/home/brown/.mpv/fonts.conf'
[   0.335][d][global] config path: 'fonts.conf' -/-> '/etc/mpv/fonts.conf'
[   0.335][v][sub/ass] Setting up fonts...
[   0.351][v][sub/ass] Using font provider fontconfig
[   0.351][v][sub/ass] Done.
[   0.351][v][cplayer] Starting playback...
[   0.351][v][file] stream level seek from 576969155 to 2692103
[   0.351][d][lavf] stream 1: resize index to 128
[   0.352][d][osc] osc_init
[   0.353][d][global] config path: 'fonts' -/-> '/home/brown/.config/mpv/fonts'
[   0.353][d][global] config path: 'fonts' -/-> '/home/brown/.mpv/fonts'
[   0.353][d][global] config path: 'fonts' -/-> '/etc/mpv/fonts'
[   0.353][d][osd/libass] ASS library version: 0x1702000 (runtime 0x1703000)
[   0.353][v][osd/libass] libass API version: 0x1703000
[   0.353][v][osd/libass] libass source: commit: 0.17.3-0-ge46aedea0a0d17da4c4ef49d84b94a7994664ab5-dirty
[   0.353][v][osd/libass] Shaper: FriBidi 1.0.15 (SIMPLE) HarfBuzz-ng 9.0.0 (COMPLEX)
[   0.353][d][global] config path: 'subfont.ttf' -/-> '/home/brown/.config/mpv/subfont.ttf'
[   0.353][d][global] config path: 'subfont.ttf' -/-> '/home/brown/.mpv/subfont.ttf'
[   0.353][d][global] config path: 'subfont.ttf' -/-> '/etc/mpv/subfont.ttf'
[   0.353][d][global] config path: 'fonts.conf' -/-> '/home/brown/.config/mpv/fonts.conf'
[   0.353][d][global] config path: 'fonts.conf' -/-> '/home/brown/.mpv/fonts.conf'
[   0.353][d][global] config path: 'fonts.conf' -/-> '/etc/mpv/fonts.conf'
[   0.353][v][osd/libass] Setting up fonts...
[   0.354][d][lavf] stream 0: resize index to 128
[   0.376][v][osd/libass] Using font provider fontconfig
[   0.376][v][osd/libass] Done.
[   0.377][v][cplayer] Set property: user-data/osc/margins={"l":0,"t":0,"b":0,"r":0} -> 1
[   0.378][v][af] [in] 48000Hz stereo 2ch floatp
[   0.378][v][af] [userspeed] 48000Hz stereo 2ch floatp
[   0.378][v][af] [userspeed] (disabled)
[   0.378][v][af] [convert] 48000Hz stereo 2ch floatp
[   0.378][v][vd] Pixel formats supported by decoder: vdpau vulkan cuda vaapi yuv420p
[   0.378][v][vd] Codec profile: High (0x64)
[   0.382][v][vd] Requesting pixfmt 'vaapi' from decoder.
[   0.382][d][ffmpeg/video] h264: Reinit context to 1280x544, pix_fmt: vaapi
[   0.399][d][lavf] stream 1: resize index to 256
[   0.407][i][vd] Using hardware decoding (vaapi).
[   0.407][v][vd] Decoder format: 1280x544 vaapi[nv12] auto/auto/auto/auto/auto CL=mpeg2/4/h264 crop=1280x544+0+0
[   0.407][v][vf] [in] 1280x544 vaapi[nv12] bt.709/bt.709/bt.1886/limited/display CL=mpeg2/4/h264 crop=1280x544+0+0
[   0.407][v][vf] [userdeint] 1280x544 vaapi[nv12] bt.709/bt.709/bt.1886/limited/display CL=mpeg2/4/h264 crop=1280x544+0+0
[   0.407][v][vf] [userdeint] (disabled)
[   0.407][v][vf] [autorotate] 1280x544 vaapi[nv12] bt.709/bt.709/bt.1886/limited/display CL=mpeg2/4/h264 crop=1280x544+0+0
[   0.407][v][vf] [autorotate] (disabled)
[   0.407][v][vf] [convert] 1280x544 vaapi[nv12] bt.709/bt.709/bt.1886/limited/display CL=mpeg2/4/h264 crop=1280x544+0+0
[   0.407][v][vo/gpu] Loading hwdec drivers for format: 'vaapi'
[   0.407][d][hwupload] looking at format vaapi/nv12
[   0.407][d][hwupload]   vo accepts nv12
[   0.407][d][hwupload]   supports: bgra rgba bgr0 rgb0 nv12 p010
[   0.407][d][hwupload] looking at format vaapi/p010
[   0.407][d][hwupload]   vo accepts p010
[   0.407][d][hwupload]   supports: bgra rgba bgr0 rgb0 nv12 p010
[   0.407][d][hwupload] looking at format vaapi/yuv420p
[   0.407][d][hwupload]   vo accepts yuv420p
[   0.407][d][hwupload]   supports: bgra rgba bgr0 rgb0 nv12 p010
[   0.407][d][hwupload] looking at format vaapi/yuyv422
[   0.407][d][hwupload]   supports: bgra rgba bgr0 rgb0 nv12 p010
[   0.407][d][hwupload] looking at format vaapi/uyvy422
[   0.407][d][hwupload]   supports: bgra rgba bgr0 rgb0 nv12 p010
[   0.407][d][hwupload] looking at format vaapi/gray
[   0.407][d][hwupload]   vo accepts gray
[   0.407][d][hwupload]   supports: bgra rgba bgr0 rgb0 nv12 p010
[   0.407][d][hwupload] looking at format vaapi/yuv444p
[   0.407][d][hwupload]   vo accepts yuv444p
[   0.407][d][hwupload]   supports: bgra rgba bgr0 rgb0 nv12 p010
[   0.407][d][hwupload] looking at format vaapi/bgra
[   0.407][d][hwupload]   vo accepts bgra
[   0.407][d][hwupload]   supports: bgra rgba bgr0 rgb0 nv12 p010
[   0.407][d][hwupload] looking at format vaapi/rgba
[   0.407][d][hwupload]   vo accepts rgba
[   0.407][d][hwupload]   supports: bgra rgba bgr0 rgb0 nv12 p010
[   0.407][d][hwupload] looking at format vaapi/argb
[   0.407][d][hwupload]   supports: bgra rgba bgr0 rgb0 nv12 p010
[   0.407][d][hwupload] looking at format vaapi/bgr0
[   0.407][d][hwupload]   vo accepts bgr0
[   0.407][d][hwupload]   supports: bgra rgba bgr0 rgb0 nv12 p010
[   0.407][d][hwupload] looking at format vaapi/rgb0
[   0.407][d][hwupload]   vo accepts rgb0
[   0.407][d][hwupload]   supports: bgra rgba bgr0 rgb0 nv12 p010
[   0.407][v][vf] [out] 1280x544 vaapi[nv12] bt.709/bt.709/bt.1886/limited/display CL=mpeg2/4/h264 crop=1280x544+0+0
[   0.408][d][osc] osc_init
[   0.408][v][ao] Trying audio driver 'pipewire'
[   0.408][v][ao/pipewire] requested format: 48000 Hz, stereo channels, floatp
[   0.412][v][ao/pipewire] Headers version: 1.2.0
[   0.412][v][ao/pipewire] Library version: 1.2.1
[   0.426][v][ao/pipewire] Core user: brown
[   0.426][v][ao/pipewire] Core host: mrlectus
[   0.426][v][ao/pipewire] Core version: 1.2.1
[   0.426][v][ao/pipewire] Core name: pipewire-0
[   0.426][d][ao/pipewire] Stream state changed: old_state=unconnected state=connecting error=(null)
[   0.427][v][ao/pipewire] using soft-buffer of 9600 samples.
[   0.428][i][cplayer] AO: [pipewire] 48000Hz stereo 2ch floatp
[   0.428][v][cplayer] AO: Description: PipeWire audio output
[   0.428][v][af] [convert] (disabled)
[   0.428][v][af] [out] 48000Hz stereo 2ch floatp
[   0.429][i][cplayer] VO: [gpu] 1280x544 vaapi[nv12]
[   0.429][v][cplayer] VO: Description: Shader-based GPU Renderer
[   0.429][v][vo/gpu] reconfig to 1280x544 vaapi[nv12] bt.709/bt.709/bt.1886/limited/display CL=mpeg2/4/h264 crop=1280x544+0+0
[   0.429][v][vo/gpu/wayland] Reconfiguring!
[   0.429][d][vo/gpu] max content size: 1920x1080
[   0.429][d][vo/gpu] monitor size: 1920x1080
[   0.430][d][ao/pipewire] Stream state changed: old_state=connecting state=paused error=(null)
[   0.430][v][vo/gpu] Resize: 1280x544
[   0.430][v][vo/gpu] Window size: 1280x544 (Borders: l=0 t=0 r=0 b=0)
[   0.430][v][vo/gpu] Video source: 1280x544 (1:1)
[   0.430][v][vo/gpu] Video display: (0, 0) 1280x544 -> (0, 0) 1280x544
[   0.431][v][vo/gpu] Video scale: 1.000000/1.000000
[   0.431][v][vo/gpu] OSD borders: l=0 t=0 r=0 b=0
[   0.431][v][vo/gpu] Video borders: l=0 t=0 r=0 b=0
[   0.431][v][vo/gpu] Testing FBO format rgba16f
[   0.431][d][vo/gpu] Resizing texture: 16x16
[   0.431][v][vo/gpu] Using FBO format rgba16f.
[   0.431][v][vo/gpu/wayland] Handling resize on the egl side
[   0.431][v][vo/gpu] Resize: 1280x544
[   0.431][v][vo/gpu] Window size: 1280x544 (Borders: l=0 t=0 r=0 b=0)
[   0.431][v][vo/gpu] Video source: 1280x544 (1:1)
[   0.431][v][vo/gpu] Video display: (0, 0) 1280x544 -> (0, 0) 1280x544
[   0.431][v][vo/gpu] Video scale: 1.000000/1.000000
[   0.431][v][vo/gpu] OSD borders: l=0 t=0 r=0 b=0
[   0.431][v][vo/gpu] Video borders: l=0 t=0 r=0 b=0
[   0.431][v][vo/gpu] Reported display depth: 10
[   0.431][v][lavf] queuing seek to 0.000000
[   0.431][v][lavf] execute seek (to 0.000000 flags 0)
[   0.431][v][lavf] seek done
[   0.431][d][lavf] stream 0: resize index to 128
[   0.436][d][lavf] stream 0: resize index to 256
[   0.439][d][lavf] stream 0: resize index to 512
[   0.440][d][lavf] stream 0: resize index to 1024
[   0.443][v][lavf] EOF reached.
[   0.446][d][vo/gpu] Resizing texture: 640x544
[   0.448][d][global] user path: '/home/brown/.cache/mpv' -> '/home/brown/.cache/mpv'
[   0.448][d][vo/gpu] Trying to load shader from disk...
[   0.450][d][vo/gpu/opengl] Loading binary program succeeded.
[   0.451][d][vo/gpu] Resizing texture: 1280x544
[   0.461][d][global] user path: '/home/brown/.cache/mpv' -> '/home/brown/.cache/mpv'
[   0.462][d][vo/gpu] Trying to load shader from disk...
[   0.464][d][vo/gpu/opengl] Loading binary program succeeded.
[   0.466][d][vo/gpu] Resizing texture: 1280x544
[   0.466][d][global] user path: '/home/brown/.cache/mpv' -> '/home/brown/.cache/mpv'
[   0.466][d][vo/gpu] Trying to load shader from disk...
[   0.467][d][vo/gpu/opengl] Loading binary program succeeded.
[   0.467][d][vo/gpu] Resizing texture: 1280x544
[   0.470][d][global] user path: '/home/brown/.cache/mpv' -> '/home/brown/.cache/mpv'
[   0.472][d][vo/gpu] Trying to load shader from disk...
[   0.472][d][vo/gpu/opengl] Loading binary program succeeded.
[   0.479][d][lavf] stream 1: resize index to 512
[   0.479][d][vo/gpu] Resizing texture: 1280x544
[   0.479][v][vo/gpu] Dither to 10.
[   0.576][d][global] user path: '/home/brown/.cache/mpv' -> '/home/brown/.cache/mpv'
[   0.576][d][vo/gpu] Trying to load shader from disk...
[   0.576][d][vo/gpu/opengl] Loading binary program succeeded.
[   0.581][v][vo/gpu/wayland] Surface entered output Chimei Innolux Corporation 0x151B (0x30), scale = 2.000000, refresh rate = 60.001000 Hz
[   0.581][v][vo/gpu/wayland] Obtained preferred scale, 1.200000, from the compositor.
[   0.581][d][vo/gpu] max content size: 1920x1080
[   0.581][d][vo/gpu] monitor size: 1920x1080
[   0.581][v][vo/gpu/wayland] Resizing due to xdg from 1280x544 to 1888x1009
[   0.581][v][cplayer] first video frame after restart shown
[   0.581][v][vo/gpu/wayland] Handling resize on the egl side
[   0.581][v][vo/gpu] Resize: 1888x1009
[   0.581][v][vo/gpu] Window size: 1888x1009 (Borders: l=0 t=0 r=0 b=0)
[   0.581][v][vo/gpu] Video source: 1280x544 (1:1)
[   0.581][v][vo/gpu] Video display: (0, 0) 1280x544 -> (0, 103) 1888x802
[   0.581][v][vo/gpu] Video scale: 1.475000/1.474265
[   0.581][v][vo/gpu] OSD borders: l=0 t=103 r=0 b=104
[   0.581][v][vo/gpu] Video borders: l=0 t=103 r=0 b=104
[   0.582][v][vo/gpu] Reported display depth: 10
[   0.583][v][cplayer] Set property: user-data/osc/margins={"l":0,"t":0,"b":0,"r":0} -> 1
[   0.583][d][global] user path: '/home/brown/.cache/mpv' -> '/home/brown/.cache/mpv'
[   0.584][d][vo/gpu] Trying to load shader from disk...
[   0.587][d][vo/gpu/opengl] Loading binary program succeeded.
[   0.588][d][vo/gpu] Resizing texture: 1280x802
[   0.592][d][global] user path: '/home/brown/.cache/mpv' -> '/home/brown/.cache/mpv'
[   0.592][d][vo/gpu] Trying to load shader from disk...
[   0.593][d][vo/gpu/opengl] Loading binary program succeeded.
[   0.593][d][vo/gpu] Resizing texture: 1888x802
[   0.597][d][lavf] stream 1: resize index to 1024
[   0.600][d][global] user path: '/home/brown/.cache/mpv' -> '/home/brown/.cache/mpv'
[   0.600][d][vo/gpu] Trying to load shader from disk...
[   0.601][d][vo/gpu/opengl] Loading binary program succeeded.
[   0.602][d][vo/gpu] Resizing texture: 1888x1009
[   0.627][d][lavf] stream 0: resize index to 256
[   0.630][d][osc] osc_init
[   0.630][v][cplayer] audio ready
[   0.630][d][cplayer] starting video playback
[   0.630][v][cplayer] starting audio playback
[   0.630][v][cplayer] playback restart complete @ 0.125125, audio=playing, video=playing (paused)
[   0.632][v][cplayer] Set property: user-data/osc/margins={"l":0,"t":0,"b":0,"r":0} -> 1
[   0.773][d][lavf] stream 1: resize index to 2048
[   1.851][v][vo/gpu/wayland] Given DND offer with mime type text/plain;charset=utf-8
[   1.852][v][vo/gpu/wayland] Received a new DND offer. Releasing the previous offer.
[   2.697][d][cplayer] Run command: cycle, flags=73, args=[name="pause", value="1.000000"]
[   2.697][v][cplayer] Set property: pause -> 1
[   2.697][v][vo/gpu/wayland] Enabling idle inhibitor
[   2.698][d][ao/pipewire] Stream state changed: old_state=paused state=streaming error=(null)
[   2.705][v][autoconvert] inserting resampler
[   2.706][v][swresample] format change, reinitializing resampler
[   2.706][v][swresample] 48049Hz stereo floatp -> 48000Hz stereo floatp
[   2.708][v][af] [convert] (enabled)
[   3.713][v][cplayer] Set property: user-data/osc/margins={"l":0,"t":0,"b":0,"r":0} -> 1
[   3.726][d][cplayer] Run command: enable-section, flags=64, args=[name="input", flags=""]
[   3.730][v][osd/libass] fontselect: (sans-serif, 400, 0) -> /usr/share/fonts/noto/NotoSans-Regular.ttf, 0, NotoSans-Regular
[   3.733][v][osd/libass] fontselect: (mpv-osd-symbols, 400, 0) -> mpv-osd-symbols-Regular, 0, mpv-osd-symbols-Regular
[   3.740][v][vo/gpu] Reallocating OSD texture to 2048x256.
[   3.742][d][global] user path: '/home/brown/.cache/mpv' -> '/home/brown/.cache/mpv'
[   3.742][d][vo/gpu] Trying to load shader from disk...
[   3.743][d][vo/gpu/opengl] Loading binary program succeeded.
[   3.912][d][global] user path: '/home/brown/.cache/mpv' -> '/home/brown/.cache/mpv'
[   3.912][d][vo/gpu] Trying to load shader from disk...
[   3.913][d][vo/gpu/opengl] Loading binary program succeeded.
[   4.206][d][cplayer] Run command: script-binding, flags=73, args=[name="osc/__keybinding4"]
[   4.451][v][cplayer] Set property: user-data/osc/margins={"l":0,"t":0,"b":0,"r":0} -> 1
[   4.451][d][cplayer] Run command: disable-section, flags=64, args=[name="input"]
[   4.570][v][cplayer] Set property: user-data/osc/margins={"l":0,"t":0,"b":0,"r":0} -> 1
[   4.575][d][cplayer] Run command: enable-section, flags=64, args=[name="input", flags=""]
[   4.582][d][cplayer] Run command: script-binding, flags=73, args=[name="osc/__keybinding2"]
[   4.821][v][cplayer] Set property: user-data/osc/margins={"l":0,"t":0,"b":0,"r":0} -> 1
[   4.821][d][cplayer] Run command: disable-section, flags=64, args=[name="input"]
[   5.186][d][cplayer] Run command: script-binding, flags=73, args=[name="osc/__keybinding4"]
[  23.269][v][vo/gpu/wayland] Received a new DND offer. Releasing the previous offer.
[  23.311][v][cplayer] Set property: user-data/osc/margins={"l":0,"t":0,"b":0,"r":0} -> 1
[  23.313][d][cplayer] Run command: enable-section, flags=64, args=[name="input", flags=""]
[  24.026][v][cplayer] Set property: user-data/osc/margins={"l":0,"t":0,"b":0,"r":0} -> 1
[  24.027][d][cplayer] Run command: disable-section, flags=64, args=[name="input"]
[  25.768][v][swresample] 47521Hz stereo floatp -> 48000Hz stereo floatp
[  26.858][d][cplayer] Run command: script-binding, flags=73, args=[name="osc/__keybinding4"]
[  41.875][v][swresample] 48000Hz stereo floatp -> 48000Hz stereo floatp
[  48.872][v][swresample] 48480Hz stereo floatp -> 48000Hz stereo floatp
[  51.611][v][vo/gpu/wayland] Received a new DND offer. Releasing the previous offer.
[  82.224][d][cplayer] Run command: script-binding, flags=73, args=[name="osc/__keybinding4"]
[ 131.457][d][lavf] stream 0: resize index to 512
[ 139.975][v][vo/gpu/wayland] Received a new DND offer. Releasing the previous offer.
[ 140.190][d][cplayer] Run command: script-binding, flags=73, args=[name="osc/__keybinding2"]
[ 145.512][d][cplayer] Run command: cycle, flags=73, args=[name="pause", value="1.000000"]
[ 145.512][v][cplayer] Set property: pause -> 1
[ 145.512][d][ao/pipewire] Stream state changed: old_state=streaming state=paused error=(null)
[ 145.525][v][vo/gpu/wayland] Disabling the idle inhibitor
[ 146.308][d][cplayer] Run command: script-binding, flags=73, args=[name="osc/__keybinding4"]
